Arguments: 
  C:\Program Files\nodejs\node.exe C:\Users\Saikrishnan_Srivatsa\AppData\Roaming\npm\node_modules\yarn\bin\yarn.js add babel-preset-react@6.24.1 babel-preset-env1.5.2

PATH: 
  C:\Program Files\Fortify\Fortify_SCA_and_Apps_18.10\bin;C:\Program Files (x86)\Common Files\Oracle\Java\javapath;C:\ProgramData\Oracle\Java\javapath;C:\Perl64\site\bin;C:\Perl64\bin;C:\Program Files (x86)\Intel\iCLS Client\;C:\Program Files\Intel\iCLS Client\;C:\Windows\system32;C:\Windows;C:\Windows\System32\Wbem;C:\Windows\System32\WindowsPowerShell\v1.0\;C:\Program Files (x86)\Intel\Intel(R) Management Engine Components\DAL;C:\Program Files\Intel\Intel(R) Management Engine Components\DAL;C:\Program Files (x86)\Intel\Intel(R) Management Engine Components\IPT;C:\Program Files\Intel\Intel(R) Management Engine Components\IPT;C:\Program Files (x86)\NVIDIA Corporation\PhysX\Common;C:\Protoc;C:\WINDOWS\system32;C:\WINDOWS;C:\WINDOWS\System32\Wbem;C:\WINDOWS\System32\WindowsPowerShell\v1.0\;C:\Users\Saikrishnan_Srivatsa\.dnx\bin;C:\Program Files\Microsoft DNX\Dnvm\;C:\Program Files\Microsoft SQL Server\120\Tools\Binn\;C:\Program Files\Microsoft SQL Server\130\Tools\Binn\;C:\Program Files\dotnet\;C:\Program Files\TortoiseGit\bin;C:\Program Files\Git\cmd;C:\Program Files\Microsoft SQL Server\Client SDK\ODBC\130\Tools\Binn\;C:\Program Files (x86)\Microsoft SQL Server\140\Tools\Binn\;C:\Program Files\Microsoft SQL Server\140\Tools\Binn\;C:\Program Files\Microsoft SQL Server\140\DTS\Binn\;C:\Program Files (x86)\Microsoft SQL Server\Client SDK\ODBC\130\Tools\Binn\;C:\Program Files (x86)\Microsoft SQL Server\140\DTS\Binn\;C:\Program Files (x86)\Microsoft SQL Server\140\Tools\Binn\ManagementStudio\;C:\Program Files (x86)\WinMerge;C:\Program Files (x86)\Windows Kits\10\Windows Performance Toolkit\;C:\WINDOWS\System32\OpenSSH\;C:\Users\Saikrishnan_Srivatsa\.dotnet\tools;C:\Program Files\Microsoft SQL Server\Client SDK\ODBC\170\Tools\Binn\;C:\Program Files\Intel\WiFi\bin\;C:\Program Files\Common Files\Intel\WirelessCommon\;C:\Program Files\nodejs\;C:\Program Files\Microsoft VS Code\bin;C:\Protoc;C:\Users\Saikrishnan_Srivatsa\AppData\Local\Programs\Python\Python36-32\Scripts\;C:\Users\Saikrishnan_Srivatsa\AppData\Local\Programs\Python\Python36-32\;C:\Users\Saikrishnan_Srivatsa\AppData\Local\Microsoft\WindowsApps;C:\Program Files\Microsoft VS Code\bin;C:\Users\Saikrishnan_Srivatsa\.dotnet\tools;C:\Users\Saikrishnan_Srivatsa\.dotnet\tools;C:\Users\Saikrishnan_Srivatsa\AppData\Roaming\npm

Yarn version: 
  1.17.0

Node version: 
  10.16.0

Platform: 
  win32 x64

Trace: 
  Error: https://registry.yarnpkg.com/babel-preset-env1.5.2: Not found
      at Request.params.callback [as _callback] (C:\Users\Saikrishnan_Srivatsa\AppData\Roaming\npm\node_modules\yarn\lib\cli.js:66823:18)
      at Request.self.callback (C:\Users\Saikrishnan_Srivatsa\AppData\Roaming\npm\node_modules\yarn\lib\cli.js:140439:22)
      at Request.emit (events.js:198:13)
      at Request.<anonymous> (C:\Users\Saikrishnan_Srivatsa\AppData\Roaming\npm\node_modules\yarn\lib\cli.js:141411:10)
      at Request.emit (events.js:198:13)
      at IncomingMessage.<anonymous> (C:\Users\Saikrishnan_Srivatsa\AppData\Roaming\npm\node_modules\yarn\lib\cli.js:141333:12)
      at Object.onceWrapper (events.js:286:20)
      at IncomingMessage.emit (events.js:203:15)
      at endReadableNT (_stream_readable.js:1129:12)
      at process._tickCallback (internal/process/next_tick.js:63:19)

npm manifest: 
  {
    "name": "indecision-app-my-progress",
    "version": "1.0.0",
    "main": "index.js",
    "author": "Sai Srivatsan",
    "license": "MIT"
  }

yarn manifest: 
  No manifest

Lockfile: 
  No lockfile
